<?xml version="1.0" encoding="UTF-8"?>
<!-- Generated by org.testng.reporters.JUnitXMLReporter -->
<testsuite ignored="4" hostname="DESKTOP-RG3Q5CD" failures="0" tests="2" name="Test" time="0.07" errors="0" timestamp="14 Jun 2023 11:45:16 GMT">
  <testcase classname="com.bjs.testngdemo.Xml_groups" name="postivecredential4" time="0.018"/>
  <testcase classname="com.bjs.testngdemo.Xml_groups" name="postivecredential1" time="0.002"/>
  <testcase classname="com.bjs.testngdemo.Xml_groups" name="postivecredential5" time="0.0">
    <ignored/>
  </testcase> <!-- postivecredential5 -->
  <testcase classname="com.bjs.testngdemo.Xml_groups" name="postivecredential3" time="0.0">
    <ignored/>
  </testcase> <!-- postivecredential3 -->
  <testcase classname="com.bjs.testngdemo.Xml_groups" name="postivecredential6" time="0.0">
    <ignored/>
  </testcase> <!-- postivecredential6 -->
  <testcase classname="com.bjs.testngdemo.Xml_groups" name="postivecredential2" time="0.0">
    <ignored/>
  </testcase> <!-- postivecredential2 -->
</testsuite> <!-- Test -->
