<?xml version="1.0" encoding="UTF-8"?>
<testng-results ignored="0" total="1" passed="1" failed="0" skipped="0">
  <reporter-output>
  </reporter-output>
  <suite started-at="2021-07-02T23:54:09 IST" name="Default suite" finished-at="2021-07-02T23:54:33 IST" duration-ms="23730">
    <groups>
    </groups>
    <test started-at="2021-07-02T23:54:09 IST" name="Default test" finished-at="2021-07-02T23:54:33 IST" duration-ms="23730">
      <class name="OrangeHRM">
        <test-method signature="postivcredentials()[pri:0, instance:OrangeHRM@7f552bd3]" started-at="2021-07-02T23:54:09 IST" name="postivcredentials" finished-at="2021-07-02T23:54:33 IST" duration-ms="23655" status="PASS">
          <reporter-output>
          </reporter-output>
        </test-method> <!-- postivcredentials -->
      </class> <!-- OrangeHRM -->
    </test> <!-- Default test -->
  </suite> <!-- Default suite -->
</testng-results>
